{"level":"error","message":"Request failed Not found: GET /auth/me","method":"GET","path":"/auth/me","statusCode":404,"timestamp":"2026-01-30 06:26:59"}
{"level":"error","message":"Request failed Not found: GET /auth/me","method":"GET","path":"/auth/me","statusCode":404,"timestamp":"2026-01-30 06:26:59"}
{"level":"error","message":"Request failed Not found: GET /auth/me","method":"GET","path":"/auth/me","statusCode":404,"timestamp":"2026-01-30 06:28:05"}
{"level":"error","message":"Request failed Not found: GET /auth/me","method":"GET","path":"/auth/me","statusCode":404,"timestamp":"2026-01-30 06:28:05"}
{"level":"error","message":"Request failed Not found: GET /auth/me","method":"GET","path":"/auth/me","statusCode":404,"timestamp":"2026-01-30 06:36:10"}
{"level":"error","message":"Request failed Not found: GET /auth/me","method":"GET","path":"/auth/me","statusCode":404,"timestamp":"2026-01-30 06:36:10"}
{"level":"error","message":"Request failed Not found: GET /auth/me","method":"GET","path":"/auth/me","statusCode":404,"timestamp":"2026-01-30 06:36:51"}
{"level":"error","message":"Request failed Not found: GET /auth/me","method":"GET","path":"/auth/me","statusCode":404,"timestamp":"2026-01-30 06:36:51"}
{"level":"error","message":"Request failed Not found: GET /auth/me","method":"GET","path":"/auth/me","statusCode":404,"timestamp":"2026-01-30 06:39:56"}
{"level":"error","message":"Request failed Not found: GET /auth/me","method":"GET","path":"/auth/me","statusCode":404,"timestamp":"2026-01-30 06:39:56"}
{"level":"error","message":"Request failed Not found: GET /auth/me","method":"GET","path":"/auth/me","statusCode":404,"timestamp":"2026-01-30 06:45:42"}
{"level":"error","message":"Request failed Not found: GET /auth/me","method":"GET","path":"/auth/me","statusCode":404,"timestamp":"2026-01-30 06:45:42"}
{"level":"error","message":"Request failed Not found: POST /auth/google","method":"POST","path":"/auth/google","statusCode":404,"timestamp":"2026-01-30 06:54:00"}
{"level":"error","message":"Request failed Not found: POST /auth/login","method":"POST","path":"/auth/login","statusCode":404,"timestamp":"2026-01-30 06:54:14"}
{"level":"error","message":"Request failed Not found: POST /auth/login","method":"POST","path":"/auth/login","statusCode":404,"timestamp":"2026-01-30 06:54:16"}
{"level":"error","message":"Request failed Not found: POST /auth/login","method":"POST","path":"/auth/login","statusCode":404,"timestamp":"2026-01-30 06:55:30"}
{"level":"error","message":"Request failed Not found: POST /auth/google","method":"POST","path":"/auth/google","statusCode":404,"timestamp":"2026-01-30 06:55:41"}
{"level":"error","message":"Request failed Internal server error","method":"POST","path":"/api/v1/auth/google","statusCode":500,"timestamp":"2026-01-30 07:33:45"}
{"level":"error","message":"Request failed Internal server error","method":"POST","path":"/api/v1/auth/google","statusCode":500,"timestamp":"2026-01-30 07:34:43"}
{"level":"error","message":"Request failed Internal server error","method":"POST","path":"/api/v1/auth/google","statusCode":500,"timestamp":"2026-01-30 07:35:34"}
{"level":"error","message":"Request failed No token provided","method":"GET","path":"/api/v1/careers/paths","statusCode":401,"timestamp":"2026-01-30 14:18:53"}
{"level":"error","message":"Request failed No token provided","method":"GET","path":"/api/v1/careers/paths","statusCode":401,"timestamp":"2026-01-30 14:25:31"}
